<?xml version="1.0" encoding="UTF-8"?>
<robot generator="Robot 7.0 (Python 3.10.5 on win32)" generated="2024-05-17T23:49:27.295951" rpa="false" schemaversion="5">
<suite id="s1" name="dataDriver" source="C:\Users\namra.kanwal\PycharmProjects\Robotframework-Automation\dataDriver\dataDriver.robot">
<test id="s1-t1" name="LoginFormTest using" line="20">
<kw name="login">
<kw name="Start testcase for firefox" owner="CommonFunctionality">
<kw name="Open Browser" owner="SeleniumLibrary">
<msg time="2024-05-17T23:49:27.729736" level="INFO">Opening browser 'firefox' to base url 'https://opensource-demo.orangehrmlive.com/'.</msg>
<arg>${url}</arg>
<arg>${browser_firefox}</arg>
<doc>Opens a new browser instance to the optional ``url``.</doc>
<status status="PASS" start="2024-05-17T23:49:27.729736" elapsed="193.991251"/>
</kw>
<kw name="Sleep" owner="BuiltIn">
<msg time="2024-05-17T23:52:51.733840" level="INFO">Slept 10 seconds.</msg>
<arg>10s</arg>
<doc>Pauses the test executed for the given time.</doc>
<status status="PASS" start="2024-05-17T23:52:41.721988" elapsed="10.011852"/>
</kw>
<kw name="Maximize Browser Window" owner="SeleniumLibrary">
<doc>Maximizes current browser window.</doc>
<status status="PASS" start="2024-05-17T23:52:51.733840" elapsed="0.595049"/>
</kw>
<status status="PASS" start="2024-05-17T23:49:27.728663" elapsed="204.600226"/>
</kw>
<kw name="Input Text" owner="SeleniumLibrary">
<msg time="2024-05-17T23:52:52.329963" level="INFO">Typing text 'Admin' into text field '//input[@name='username']'.</msg>
<arg>${username_orangeHRM}</arg>
<arg>${username}</arg>
<doc>Types the given ``text`` into the text field identified by ``locator``.</doc>
<status status="PASS" start="2024-05-17T23:52:52.328889" elapsed="0.057567"/>
</kw>
<kw name="Input Text" owner="SeleniumLibrary">
<msg time="2024-05-17T23:52:52.387463" level="INFO">Typing text ' admin123' into text field '//input[@name='password']'.</msg>
<arg>${password_orangeHRM}</arg>
<arg>${password}</arg>
<doc>Types the given ``text`` into the text field identified by ``locator``.</doc>
<status status="PASS" start="2024-05-17T23:52:52.387463" elapsed="0.031993"/>
</kw>
<kw name="Click Element" owner="SeleniumLibrary">
<msg time="2024-05-17T23:52:52.420459" level="INFO">Clicking element 'xpath://button[@type='submit']'.</msg>
<arg>${sign_in_orangeHRM}</arg>
<doc>Click the element identified by ``locator``.</doc>
<status status="PASS" start="2024-05-17T23:52:52.419456" elapsed="2.759725"/>
</kw>
<arg>username=Admin</arg>
<arg>password= admin123</arg>
<status status="PASS" start="2024-05-17T23:49:27.727586" elapsed="207.451595"/>
</kw>
<kw name="Close All Browsers" owner="SeleniumLibrary" type="TEARDOWN">
<doc>Closes all open browsers and resets the browser cache.</doc>
<status status="PASS" start="2024-05-17T23:52:55.179181" elapsed="6.860742"/>
</kw>
<status status="PASS" start="2024-05-17T23:49:27.723226" elapsed="214.317799"/>
</test>
<test id="s1-t2" name="LoginFormTest using" line="20">
<kw name="login">
<kw name="Start testcase for firefox" owner="CommonFunctionality">
<kw name="Open Browser" owner="SeleniumLibrary">
<msg time="2024-05-17T23:53:02.046361" level="INFO">Opening browser 'firefox' to base url 'https://opensource-demo.orangehrmlive.com/'.</msg>
<arg>${url}</arg>
<arg>${browser_firefox}</arg>
<doc>Opens a new browser instance to the optional ``url``.</doc>
<status status="PASS" start="2024-05-17T23:53:02.046361" elapsed="69.333455"/>
</kw>
<kw name="Sleep" owner="BuiltIn">
<msg time="2024-05-17T23:54:21.382185" level="INFO">Slept 10 seconds.</msg>
<arg>10s</arg>
<doc>Pauses the test executed for the given time.</doc>
<status status="PASS" start="2024-05-17T23:54:11.380819" elapsed="10.001366"/>
</kw>
<kw name="Maximize Browser Window" owner="SeleniumLibrary">
<doc>Maximizes current browser window.</doc>
<status status="PASS" start="2024-05-17T23:54:21.382185" elapsed="0.612036"/>
</kw>
<status status="PASS" start="2024-05-17T23:53:02.045279" elapsed="79.949047"/>
</kw>
<kw name="Input Text" owner="SeleniumLibrary">
<msg time="2024-05-17T23:54:21.994326" level="INFO">Typing text 'locked_user' into text field '//input[@name='username']'.</msg>
<arg>${username_orangeHRM}</arg>
<arg>${username}</arg>
<doc>Types the given ``text`` into the text field identified by ``locator``.</doc>
<status status="PASS" start="2024-05-17T23:54:21.994326" elapsed="0.058878"/>
</kw>
<kw name="Input Text" owner="SeleniumLibrary">
<msg time="2024-05-17T23:54:22.054302" level="INFO">Typing text ' secret_sauce' into text field '//input[@name='password']'.</msg>
<arg>${password_orangeHRM}</arg>
<arg>${password}</arg>
<doc>Types the given ``text`` into the text field identified by ``locator``.</doc>
<status status="PASS" start="2024-05-17T23:54:22.053204" elapsed="0.029523"/>
</kw>
<kw name="Click Element" owner="SeleniumLibrary">
<msg time="2024-05-17T23:54:22.083807" level="INFO">Clicking element 'xpath://button[@type='submit']'.</msg>
<arg>${sign_in_orangeHRM}</arg>
<doc>Click the element identified by ``locator``.</doc>
<status status="PASS" start="2024-05-17T23:54:22.082727" elapsed="5.276079"/>
</kw>
<arg>username=locked_user</arg>
<arg>password= secret_sauce</arg>
<status status="PASS" start="2024-05-17T23:53:02.045279" elapsed="85.313527"/>
</kw>
<kw name="Close All Browsers" owner="SeleniumLibrary" type="TEARDOWN">
<doc>Closes all open browsers and resets the browser cache.</doc>
<status status="PASS" start="2024-05-17T23:54:27.358806" elapsed="7.426168"/>
</kw>
<status status="PASS" start="2024-05-17T23:53:02.043123" elapsed="92.742940"/>
</test>
<test id="s1-t3" name="LoginFormTest using" line="20">
<kw name="login">
<kw name="Start testcase for firefox" owner="CommonFunctionality">
<kw name="Open Browser" owner="SeleniumLibrary">
<msg time="2024-05-17T23:54:34.789263" level="INFO">Opening browser 'firefox' to base url 'https://opensource-demo.orangehrmlive.com/'.</msg>
<arg>${url}</arg>
<arg>${browser_firefox}</arg>
<doc>Opens a new browser instance to the optional ``url``.</doc>
<status status="PASS" start="2024-05-17T23:54:34.789263" elapsed="104.337971"/>
</kw>
<kw name="Sleep" owner="BuiltIn">
<msg time="2024-05-17T23:56:29.128835" level="INFO">Slept 10 seconds.</msg>
<arg>10s</arg>
<doc>Pauses the test executed for the given time.</doc>
<status status="PASS" start="2024-05-17T23:56:19.127234" elapsed="10.001601"/>
</kw>
<kw name="Maximize Browser Window" owner="SeleniumLibrary">
<doc>Maximizes current browser window.</doc>
<status status="PASS" start="2024-05-17T23:56:29.128835" elapsed="0.267832"/>
</kw>
<status status="PASS" start="2024-05-17T23:54:34.789263" elapsed="114.607404"/>
</kw>
<kw name="Input Text" owner="SeleniumLibrary">
<msg time="2024-05-17T23:56:29.397669" level="INFO">Typing text 'admin' into text field '//input[@name='username']'.</msg>
<arg>${username_orangeHRM}</arg>
<arg>${username}</arg>
<doc>Types the given ``text`` into the text field identified by ``locator``.</doc>
<status status="PASS" start="2024-05-17T23:56:29.397669" elapsed="0.039099"/>
</kw>
<kw name="Input Text" owner="SeleniumLibrary">
<msg time="2024-05-17T23:56:29.437848" level="INFO">Typing text ' admin123' into text field '//input[@name='password']'.</msg>
<arg>${password_orangeHRM}</arg>
<arg>${password}</arg>
<doc>Types the given ``text`` into the text field identified by ``locator``.</doc>
<status status="PASS" start="2024-05-17T23:56:29.437797" elapsed="0.025053"/>
</kw>
<kw name="Click Element" owner="SeleniumLibrary">
<msg time="2024-05-17T23:56:29.462850" level="INFO">Clicking element 'xpath://button[@type='submit']'.</msg>
<arg>${sign_in_orangeHRM}</arg>
<doc>Click the element identified by ``locator``.</doc>
<status status="PASS" start="2024-05-17T23:56:29.462850" elapsed="5.245346"/>
</kw>
<arg>username=admin</arg>
<arg>password= admin123</arg>
<status status="PASS" start="2024-05-17T23:54:34.788192" elapsed="119.920004"/>
</kw>
<kw name="Close All Browsers" owner="SeleniumLibrary" type="TEARDOWN">
<doc>Closes all open browsers and resets the browser cache.</doc>
<status status="PASS" start="2024-05-17T23:56:34.709200" elapsed="3.004937"/>
</kw>
<status status="PASS" start="2024-05-17T23:54:34.787122" elapsed="122.927015"/>
</test>
<status status="PASS" start="2024-05-17T23:49:27.317110" elapsed="430.398027"/>
</suite>
<statistics>
<total>
<stat pass="3" fail="0" skip="0">All Tests</stat>
</total>
<tag>
</tag>
<suite>
<stat pass="3" fail="0" skip="0" id="s1" name="dataDriver">dataDriver</stat>
</suite>
</statistics>
<errors>
<msg time="2024-05-17T23:53:02.043086" level="WARN">Multiple tests with name 'LoginFormTest using' executed in suite 'dataDriver'.</msg>
<msg time="2024-05-17T23:54:34.786063" level="WARN">Multiple tests with name 'LoginFormTest using' executed in suite 'dataDriver'.</msg>
</errors>
</robot>
