<?xml version="1.0" encoding="UTF-8"?>
<robot generator="Robot 6.0.2 (Python 3.10.5 on win32)" generated="20240208 17:02:37.514" rpa="false" schemaversion="3">
<suite id="s1" name="Login" source="C:\Users\namra.kanwal\PycharmProjects\ebayWebsite\tests\login.robot">
<test id="s1-t1" name=" Verify login page" line="7">
<kw name="Start testcase" library="CommonFunctionality">
<kw name="Open Browser" library="SeleniumLibrary">
<arg>${url}</arg>
<arg>${browser}</arg>
<doc>Opens a new browser instance to the optional ``url``.</doc>
<msg timestamp="20240208 17:02:37.795" level="INFO">Opening browser 'chrome' to base url 'https://www.saucedemo.com/inventory.html'.</msg>
<status status="PASS" starttime="20240208 17:02:37.794" endtime="20240208 17:02:41.125"/>
</kw>
<kw name="Maximize Browser Window" library="SeleniumLibrary">
<doc>Maximizes current browser window.</doc>
<status status="PASS" starttime="20240208 17:02:41.125" endtime="20240208 17:02:42.132"/>
</kw>
<status status="PASS" starttime="20240208 17:02:37.793" endtime="20240208 17:02:42.132"/>
</kw>
<kw name="Enter email" library="swag_UserDefinedKeyword">
<kw name="Input Text" library="SeleniumLibrary">
<arg>${username}</arg>
<arg>${username_value}</arg>
<doc>Types the given ``text`` into the text field identified by ``locator``.</doc>
<msg timestamp="20240208 17:02:42.143" level="INFO">Typing text 'standard_user' into text field 'id:user-name'.</msg>
<status status="PASS" starttime="20240208 17:02:42.142" endtime="20240208 17:02:42.374"/>
</kw>
<status status="PASS" starttime="20240208 17:02:42.142" endtime="20240208 17:02:42.374"/>
</kw>
<kw name="Enter Password" library="swag_UserDefinedKeyword">
<kw name="Input Text" library="SeleniumLibrary">
<arg>${password}</arg>
<arg>${password_value}</arg>
<doc>Types the given ``text`` into the text field identified by ``locator``.</doc>
<msg timestamp="20240208 17:02:42.382" level="INFO">Typing text 'secret_sauce' into text field 'id:password'.</msg>
<status status="PASS" starttime="20240208 17:02:42.381" endtime="20240208 17:02:42.585"/>
</kw>
<status status="PASS" starttime="20240208 17:02:42.380" endtime="20240208 17:02:42.586"/>
</kw>
<kw name="Click SignIn" library="swag_UserDefinedKeyword">
<kw name="Click Button" library="SeleniumLibrary">
<arg>${sign_in}</arg>
<doc>Clicks the button identified by ``locator``.</doc>
<msg timestamp="20240208 17:02:42.592" level="INFO">Clicking button 'id:login-button'.</msg>
<status status="PASS" starttime="20240208 17:02:42.591" endtime="20240208 17:02:42.768"/>
</kw>
<status status="PASS" starttime="20240208 17:02:42.591" endtime="20240208 17:02:42.768"/>
</kw>
<kw name="Finish testcase" library="CommonFunctionality">
<kw name="Close Browser" library="SeleniumLibrary">
<doc>Closes the current browser.</doc>
<status status="PASS" starttime="20240208 17:02:42.772" endtime="20240208 17:02:45.172"/>
</kw>
<status status="PASS" starttime="20240208 17:02:42.772" endtime="20240208 17:02:45.172"/>
</kw>
<doc>This case verified the login of application</doc>
<tag>Functional</tag>
<status status="PASS" starttime="20240208 17:02:37.793" endtime="20240208 17:02:45.173"/>
</test>
<status status="PASS" starttime="20240208 17:02:37.524" endtime="20240208 17:02:45.174"/>
</suite>
<statistics>
<total>
<stat pass="1" fail="0" skip="0">All Tests</stat>
</total>
<tag>
<stat pass="1" fail="0" skip="0">Functional</stat>
</tag>
<suite>
<stat pass="1" fail="0" skip="0" id="s1" name="Login">Login</stat>
</suite>
</statistics>
<errors>
<msg timestamp="20240208 17:02:37.517" level="ERROR">Taking listener 'ReportListener.py' into use failed: Listener 'C:\Users\namra.kanwal\PycharmProjects\ebayWebsite\ReportListener.py' does not have mandatory 'ROBOT_LISTENER_API_VERSION' attribute.</msg>
</errors>
</robot>
